<?xml version="1.0" encoding="UTF-8"?>
<!-- Generated by org.testng.reporters.JUnitReportReporter -->
<testsuite hostname="Lenovo-PC" failures="0" tests="4" name="test2.Day3" time="0.009" errors="0" timestamp="2022-06-04T18:39:55 IST" skipped="0">
  <testcase classname="test2.Day3" name="MobileDebitCard" time="0.001"/>
  <system-out/>
  <testcase classname="test2.Day3" name="MobileCreditCard" time="0.001"/>
  <system-out/>
  <testcase classname="test2.Day3" name="PhoneChecQueBook" time="0.005"/>
  <system-out/>
  <testcase classname="test2.Day3" name="PhonePassBook" time="0.002"/>
  <system-out/>
</testsuite> <!-- test2.Day3 -->
