<?xml version="1.0" encoding="UTF-8"?>
<!-- Generated by org.testng.reporters.JUnitReportReporter -->
<testsuite hostname="Lenovo-PC" failures="0" tests="2" name="test1.Day1" time="0.003" errors="0" timestamp="2022-06-04T18:39:55 IST" skipped="0">
  <testcase classname="test1.Day1" name="MobileLoan" time="0.001"/>
  <system-out/>
  <testcase classname="test1.Day1" name="CarLoan" time="0.002"/>
  <system-out/>
</testsuite> <!-- test1.Day1 -->
