<?xml version="1.0" encoding="UTF-8"?>
<!-- Generated by org.testng.reporters.JUnitReportReporter -->
<testsuite hostname="Lenovo-PC" failures="0" tests="2" name="test1.Day2" time="0.011" errors="0" timestamp="2022-06-04T18:39:55 IST" skipped="0">
  <testcase classname="test1.Day2" name="LandLoan" time="0.003"/>
  <system-out/>
  <testcase classname="test1.Day2" name="HomeLoan" time="0.008"/>
  <system-out/>
</testsuite> <!-- test1.Day2 -->
