<?xml version="1.0" encoding="UTF-8"?>
<!-- Generated by org.testng.reporters.JUnitReportReporter -->
<testsuite hostname="Lenovo-PC" failures="0" tests="4" name="test1.Day3" time="0.017" errors="0" timestamp="2022-06-04T18:39:55 IST" skipped="0">
  <testcase classname="test1.Day3" name="ThreeLoan" time="0.004"/>
  <system-out/>
  <testcase classname="test1.Day3" name="TwoLoan" time="0.005"/>
  <system-out/>
  <testcase classname="test1.Day3" name="OneLoan" time="0.004"/>
  <system-out/>
  <testcase classname="test1.Day3" name="FourLoan" time="0.004"/>
  <system-out/>
</testsuite> <!-- test1.Day3 -->
