<?xml version="1.0" encoding="UTF-8"?>
<!-- Generated by org.testng.reporters.JUnitReportReporter -->
<testsuite hostname="Lenovo-PC" failures="0" tests="4" name="test1.Day4" time="0.008" errors="0" timestamp="2022-06-04T18:39:55 IST" skipped="0">
  <testcase classname="test1.Day4" name="PassBook" time="0.001"/>
  <system-out/>
  <testcase classname="test1.Day4" name="DebitCard" time="0.002"/>
  <system-out/>
  <testcase classname="test1.Day4" name="ChecqueBook" time="0.003"/>
  <system-out/>
  <testcase classname="test1.Day4" name="CreditCard" time="0.002"/>
  <system-out/>
</testsuite> <!-- test1.Day4 -->
